<?xml version="1.0" encoding="UTF-8"?>
<!-- Generated by org.testng.reporters.JUnitReportReporter -->
<testsuite hostname="LAPTOP-MSVS7G1Q" failures="0" tests="1" name="forgetmpin.set_new_mpin" time="23.108" errors="0" timestamp="2023-06-06T11:10:16 IST" skipped="0">
  <testcase classname="forgetmpin.set_new_mpin" name="f" time="23.108"/>
  <system-out/>
</testsuite> <!-- forgetmpin.set_new_mpin -->
