<?xml version="1.0" encoding="UTF-8"?>
<!-- Generated by org.testng.reporters.JUnitReportReporter -->
<testsuite hostname="LAPTOP-MSVS7G1Q" failures="0" tests="1" name="siginwithotp.empty_mpin_validation" time="32.355" errors="0" timestamp="2023-06-01T18:35:52 IST" skipped="0">
  <testcase classname="siginwithotp.empty_mpin_validation" name="f" time="32.355"/>
  <system-out/>
</testsuite> <!-- siginwithotp.empty_mpin_validation -->
