<?xml version="1.0" encoding="UTF-8"?>
<!-- Generated by org.testng.reporters.JUnitReportReporter -->
<testsuite hostname="LAPTOP-MSVS7G1Q" failures="0" tests="1" name="tesngsuite.test2" time="22.253" errors="0" timestamp="2023-05-15T18:26:46 IST" skipped="0">
  <testcase classname="tesngsuite.test2" name="test" time="22.253"/>
  <system-out/>
</testsuite> <!-- tesngsuite.test2 -->
