<?xml version="1.0" encoding="UTF-8"?>
<!-- Generated by org.testng.reporters.JUnitReportReporter -->
<testsuite hostname="LAPTOP-MSVS7G1Q" failures="0" tests="1" name="Transaction_list.Transactionlist_columns" time="25.339" errors="0" timestamp="2023-06-26T17:58:37 IST" skipped="0">
  <testcase classname="Transaction_list.Transactionlist_columns" name="f" time="25.339"/>
  <system-out/>
</testsuite> <!-- Transaction_list.Transactionlist_columns -->
