<?xml version="1.0" encoding="UTF-8"?>
<!-- Generated by org.testng.reporters.JUnitReportReporter -->
<testsuite hostname="LAPTOP-MSVS7G1Q" failures="0" tests="1" name="siginwithotp.signin_btn_textvalidation" time="17.812" errors="0" timestamp="2023-06-02T13:10:38 IST" skipped="0">
  <testcase classname="siginwithotp.signin_btn_textvalidation" name="f" time="17.812"/>
  <system-out/>
</testsuite> <!-- siginwithotp.signin_btn_textvalidation -->
