<?xml version="1.0" encoding="UTF-8"?>
<!-- Generated by org.testng.reporters.JUnitReportReporter -->
<testsuite hostname="LAPTOP-MSVS7G1Q" failures="0" tests="1" name="forgetmpin.mpin_and_confirm_mpin_validation" time="28.856" errors="0" timestamp="2023-06-06T17:41:31 IST" skipped="0">
  <testcase classname="forgetmpin.mpin_and_confirm_mpin_validation" name="f" time="28.856"/>
  <system-out/>
</testsuite> <!-- forgetmpin.mpin_and_confirm_mpin_validation -->
