<?xml version="1.0" encoding="UTF-8"?>
<!-- Generated by org.testng.reporters.JUnitReportReporter -->
<testsuite hostname="LAPTOP-MSVS7G1Q" failures="0" tests="1" name="tesngsuite.usernametext" time="13.042" errors="0" timestamp="2023-05-17T11:30:55 IST" skipped="0">
  <testcase classname="tesngsuite.usernametext" name="f" time="13.042"/>
  <system-out/>
</testsuite> <!-- tesngsuite.usernametext -->
