<?xml version="1.0" encoding="UTF-8"?>
<!-- Generated by org.testng.reporters.JUnitReportReporter -->
<testsuite hostname="LAPTOP-MSVS7G1Q" failures="0" tests="1" name="profile.profile_dropdown" time="74.926" errors="0" timestamp="2023-06-28T10:43:34 IST" skipped="0">
  <testcase classname="profile.profile_dropdown" name="f" time="74.926"/>
  <system-out/>
</testsuite> <!-- profile.profile_dropdown -->
