<?xml version="1.0" encoding="UTF-8"?>
<!-- Generated by org.testng.reporters.JUnitReportReporter -->
<testsuite hostname="LAPTOP-MSVS7G1Q" failures="0" tests="1" name="siginwithotp.enter_mpin_text_validation" time="20.270" errors="0" timestamp="2023-06-01T17:21:57 IST" skipped="0">
  <testcase classname="siginwithotp.enter_mpin_text_validation" name="f" time="20.270"/>
  <system-out/>
</testsuite> <!-- siginwithotp.enter_mpin_text_validation -->
