<?xml version="1.0" encoding="UTF-8"?>
<!-- Generated by org.testng.reporters.JUnitReportReporter -->
<testsuite hostname="LAPTOP-MSVS7G1Q" failures="0" tests="1" name="tesngsuite.forgetmpin_link_validation" time="20.393" errors="0" timestamp="2023-05-16T14:38:05 IST" skipped="0">
  <testcase classname="tesngsuite.forgetmpin_link_validation" name="f" time="20.393"/>
  <system-out/>
</testsuite> <!-- tesngsuite.forgetmpin_link_validation -->
