<?xml version="1.0" encoding="UTF-8"?>
<!-- Generated by org.testng.reporters.JUnitReportReporter -->
<testsuite hostname="LAPTOP-MSVS7G1Q" failures="0" tests="1" name="tesngsuite.aboutuslink" time="23.248" errors="0" timestamp="2023-05-17T17:55:05 IST" skipped="0">
  <testcase classname="tesngsuite.aboutuslink" name="f" time="23.248"/>
  <system-out/>
</testsuite> <!-- tesngsuite.aboutuslink -->
