<?xml version="1.0" encoding="UTF-8"?>
<!-- Generated by org.testng.reporters.JUnitReportReporter -->
<testsuite hostname="LAPTOP-MSVS7G1Q" failures="0" tests="1" name="excelreading.report_refund" time="4.184" errors="0" timestamp="2023-06-19T12:45:05 IST" skipped="0">
  <testcase classname="excelreading.report_refund" name="f" time="4.184"/>
  <system-out/>
</testsuite> <!-- excelreading.report_refund -->
