<?xml version="1.0" encoding="UTF-8"?>
<!-- Generated by org.testng.reporters.JUnitReportReporter -->
<testsuite hostname="LAPTOP-MSVS7G1Q" failures="0" tests="1" name="forgetmpin.confirm_mpin_in_setnew" time="24.334" errors="0" timestamp="2023-06-06T11:24:21 IST" skipped="0">
  <testcase classname="forgetmpin.confirm_mpin_in_setnew" name="f" time="24.334"/>
  <system-out/>
</testsuite> <!-- forgetmpin.confirm_mpin_in_setnew -->
