<?xml version="1.0" encoding="UTF-8"?>
<!-- Generated by org.testng.reporters.JUnitReportReporter -->
<testsuite hostname="LAPTOP-MSVS7G1Q" failures="0" tests="1" name="tesngsuite.copyright" time="18.016" errors="0" timestamp="2023-05-17T18:41:28 IST" skipped="0">
  <testcase classname="tesngsuite.copyright" name="f" time="18.016"/>
  <system-out/>
</testsuite> <!-- tesngsuite.copyright -->
