<?xml version="1.0" encoding="UTF-8"?>
<!-- Generated by org.testng.reporters.JUnitReportReporter -->
<testsuite hostname="LAPTOP-MSVS7G1Q" failures="0" tests="1" name="tesngsuite.siginwith_empty_otp" time="17.468" errors="0" timestamp="2023-05-31T18:36:16 IST" skipped="0">
  <testcase classname="tesngsuite.siginwith_empty_otp" name="f" time="17.468"/>
  <system-out/>
</testsuite> <!-- tesngsuite.siginwith_empty_otp -->
