<?xml version="1.0" encoding="UTF-8"?>
<!-- Generated by org.testng.reporters.JUnitReportReporter -->
<testsuite hostname="LAPTOP-MSVS7G1Q" failures="0" tests="1" name="tesngsuite.Signintext" time="17.595" errors="0" timestamp="2023-06-20T11:18:24 IST" skipped="0">
  <testcase classname="tesngsuite.Signintext" name="f" time="17.595"/>
  <system-out/>
</testsuite> <!-- tesngsuite.Signintext -->
