<?xml version="1.0" encoding="UTF-8"?>
<!-- Generated by org.testng.reporters.JUnitReportReporter -->
<testsuite hostname="LAPTOP-MSVS7G1Q" failures="0" tests="1" name="forgetmpin.forget_mpin_text_validation" time="19.836" errors="0" timestamp="2023-06-05T12:51:21 IST" skipped="0">
  <testcase classname="forgetmpin.forget_mpin_text_validation" name="f" time="19.836"/>
  <system-out/>
</testsuite> <!-- forgetmpin.forget_mpin_text_validation -->
