<?xml version="1.0" encoding="UTF-8"?>
<!-- Generated by org.testng.reporters.JUnitReportReporter -->
<testsuite hostname="LAPTOP-MSVS7G1Q" failures="0" tests="1" name="forgetmpin.enter_mpin_in_setnew" time="24.445" errors="0" timestamp="2023-06-06T11:18:33 IST" skipped="0">
  <testcase classname="forgetmpin.enter_mpin_in_setnew" name="f" time="24.445"/>
  <system-out/>
</testsuite> <!-- forgetmpin.enter_mpin_in_setnew -->
