<?xml version="1.0" encoding="UTF-8"?>
<!-- Generated by org.testng.reporters.JUnitReportReporter -->
<testsuite hostname="LAPTOP-MSVS7G1Q" failures="0" tests="1" name="tesngsuite.termsandconditions" time="35.307" errors="0" timestamp="2023-05-17T18:26:55 IST" skipped="0">
  <testcase classname="tesngsuite.termsandconditions" name="f" time="35.307"/>
  <system-out/>
</testsuite> <!-- tesngsuite.termsandconditions -->
