<?xml version="1.0" encoding="UTF-8"?>
<!-- Generated by org.testng.reporters.JUnitReportReporter -->
<testsuite hostname="LAPTOP-MSVS7G1Q" failures="0" tests="1" name="siginwithotp.siginwithotpdescription" time="15.789" errors="0" timestamp="2023-06-01T17:06:54 IST" skipped="0">
  <testcase classname="siginwithotp.siginwithotpdescription" name="f" time="15.789"/>
  <system-out/>
</testsuite> <!-- siginwithotp.siginwithotpdescription -->
