<?xml version="1.0" encoding="UTF-8"?>
<!-- Generated by org.testng.reporters.JUnitReportReporter -->
<testsuite hostname="LAPTOP-MSVS7G1Q" failures="0" tests="1" name="forgetmpin.mandatoryfields_in_setnew" time="24.782" errors="0" timestamp="2023-06-06T15:08:49 IST" skipped="0">
  <testcase classname="forgetmpin.mandatoryfields_in_setnew" name="f" time="24.782"/>
  <system-out/>
</testsuite> <!-- forgetmpin.mandatoryfields_in_setnew -->
