<?xml version="1.0" encoding="UTF-8"?>
<!-- Generated by org.testng.reporters.JUnitReportReporter -->
<testsuite hostname="LAPTOP-MSVS7G1Q" failures="0" tests="1" name="excelreading.report_cashshortage" time="4.084" errors="0" timestamp="2023-06-19T16:06:22 IST" skipped="0">
  <testcase classname="excelreading.report_cashshortage" name="f" time="4.084"/>
  <system-out/>
</testsuite> <!-- excelreading.report_cashshortage -->
