<?xml version="1.0" encoding="UTF-8"?>
<!-- Generated by org.testng.reporters.JUnitReportReporter -->
<testsuite hostname="LAPTOP-MSVS7G1Q" failures="0" tests="1" name="forgetmpin.submitbtn_text_validation" time="23.141" errors="0" timestamp="2023-06-05T15:43:02 IST" skipped="0">
  <testcase classname="forgetmpin.submitbtn_text_validation" name="f" time="23.141"/>
  <system-out/>
</testsuite> <!-- forgetmpin.submitbtn_text_validation -->
