<?xml version="1.0" encoding="UTF-8"?>
<!-- Generated by org.testng.reporters.JUnitReportReporter -->
<testsuite hostname="LAPTOP-MSVS7G1Q" failures="0" tests="1" name="tesngsuite.or_text" time="9.997" errors="0" timestamp="2023-05-16T10:25:12 IST" skipped="0">
  <testcase classname="tesngsuite.or_text" name="f" time="9.997"/>
  <system-out/>
</testsuite> <!-- tesngsuite.or_text -->
