<?xml version="1.0" encoding="UTF-8"?>
<!-- Generated by org.testng.reporters.JUnitReportReporter -->
<testsuite hostname="LAPTOP-MSVS7G1Q" failures="0" tests="1" name="siginwithotp.siginwithotptext_validation" time="23.190" errors="0" timestamp="2023-06-01T16:26:18 IST" skipped="0">
  <testcase classname="siginwithotp.siginwithotptext_validation" name="f" time="23.190"/>
  <system-out/>
</testsuite> <!-- siginwithotp.siginwithotptext_validation -->
