<?xml version="1.0" encoding="UTF-8"?>
<!-- Generated by org.testng.reporters.JUnitReportReporter -->
<testsuite hostname="LAPTOP-MSVS7G1Q" failures="0" tests="1" name="tesngsuite.login_logo_compare" time="35.817" errors="0" timestamp="2023-05-23T18:47:07 IST" skipped="0">
  <testcase classname="tesngsuite.login_logo_compare" name="f" time="35.817"/>
  <system-out/>
</testsuite> <!-- tesngsuite.login_logo_compare -->
