<?xml version="1.0" encoding="UTF-8"?>
<!-- Generated by org.testng.reporters.JUnitReportReporter -->
<testsuite hostname="LAPTOP-MSVS7G1Q" failures="0" tests="1" name="tesngsuite.userinputvalidatation_alphabets" time="16.270" errors="0" timestamp="2023-05-17T11:43:55 IST" skipped="0">
  <testcase classname="tesngsuite.userinputvalidatation_alphabets" name="f" time="16.270"/>
  <system-out/>
</testsuite> <!-- tesngsuite.userinputvalidatation_alphabets -->
