<?xml version="1.0" encoding="UTF-8"?>
<!-- Generated by org.testng.reporters.JUnitReportReporter -->
<testsuite hostname="LAPTOP-MSVS7G1Q" failures="0" tests="1" name="forgetmpin.resetmpin_btnenabled_in_setnew" time="25.946" errors="0" timestamp="2023-06-06T12:55:19 IST" skipped="0">
  <testcase classname="forgetmpin.resetmpin_btnenabled_in_setnew" name="f" time="25.946"/>
  <system-out/>
</testsuite> <!-- forgetmpin.resetmpin_btnenabled_in_setnew -->
