<?xml version="1.0" encoding="UTF-8"?>
<!-- Generated by org.testng.reporters.JUnitReportReporter -->
<testsuite hostname="LAPTOP-MSVS7G1Q" failures="0" tests="1" name="forgetmpin.description_in_swtnew" time="24.692" errors="0" timestamp="2023-06-06T12:10:28 IST" skipped="0">
  <testcase classname="forgetmpin.description_in_swtnew" name="f" time="24.692"/>
  <system-out/>
</testsuite> <!-- forgetmpin.description_in_swtnew -->
