<?xml version="1.0" encoding="UTF-8"?>
<!-- Generated by org.testng.reporters.JUnitReportReporter -->
<testsuite hostname="LAPTOP-MSVS7G1Q" failures="0" tests="1" name="forgetmpin.navigation_to_set_mpin" time="27.230" errors="0" timestamp="2023-06-05T13:15:10 IST" skipped="0">
  <testcase classname="forgetmpin.navigation_to_set_mpin" name="f" time="27.230"/>
  <system-out/>
</testsuite> <!-- forgetmpin.navigation_to_set_mpin -->
