<?xml version="1.0" encoding="UTF-8"?>
<!-- Generated by org.testng.reporters.JUnitReportReporter -->
<testsuite hostname="LAPTOP-MSVS7G1Q" failures="0" tests="1" name="tesngsuite.privacypolicy" time="40.302" errors="0" timestamp="2023-05-17T18:06:08 IST" skipped="0">
  <testcase classname="tesngsuite.privacypolicy" name="f" time="40.302"/>
  <system-out/>
</testsuite> <!-- tesngsuite.privacypolicy -->
