<?xml version="1.0" encoding="UTF-8"?>
<!-- Generated by org.testng.reporters.JUnitReportReporter -->
<testsuite hostname="LAPTOP-MSVS7G1Q" failures="0" tests="1" name="tesngsuite.Loadurl" time="10.942" errors="0" timestamp="2023-05-15T17:00:33 IST" skipped="0">
  <testcase classname="tesngsuite.Loadurl" name="f" time="10.942"/>
  <system-out/>
</testsuite> <!-- tesngsuite.Loadurl -->
