<?xml version="1.0" encoding="UTF-8"?>
<!-- Generated by org.testng.reporters.JUnitReportReporter -->
<testsuite hostname="LAPTOP-MSVS7G1Q" failures="0" tests="1" name="excelreading.reports_transaction" time="4.232" errors="0" timestamp="2023-06-16T17:31:45 IST" skipped="0">
  <testcase classname="excelreading.reports_transaction" name="f" time="4.232"/>
  <system-out/>
</testsuite> <!-- excelreading.reports_transaction -->
