<?xml version="1.0" encoding="UTF-8"?>
<!-- Generated by org.testng.reporters.JUnitReportReporter -->
<testsuite hostname="LAPTOP-MSVS7G1Q" failures="0" tests="1" name="forgetmpin.resetmpin_btntext_in_setnew" time="24.218" errors="0" timestamp="2023-06-06T12:36:41 IST" skipped="0">
  <testcase classname="forgetmpin.resetmpin_btntext_in_setnew" name="f" time="24.218"/>
  <system-out/>
</testsuite> <!-- forgetmpin.resetmpin_btntext_in_setnew -->
