<?xml version="1.0" encoding="UTF-8"?>
<!-- Generated by org.testng.reporters.JUnitReportReporter -->
<testsuite hostname="LAPTOP-MSVS7G1Q" failures="0" tests="2" name="testng.NewTest" time="0.014" errors="0" timestamp="2023-05-12T16:12:45 IST" skipped="0">
  <testcase classname="testng.NewTest" name="f" time="0.007"/>
  <system-out/>
  <testcase classname="testng.NewTest" name="f" time="0.007"/>
  <system-out/>
</testsuite> <!-- testng.NewTest -->
