<?xml version="1.0" encoding="UTF-8"?>
<!-- Generated by org.testng.reporters.JUnitReportReporter -->
<testsuite hostname="LAPTOP-MSVS7G1Q" failures="0" tests="1" name="Transaction_list.Transactions_text" time="23.650" errors="0" timestamp="2023-06-26T12:50:41 IST" skipped="0">
  <testcase classname="Transaction_list.Transactions_text" name="f" time="23.650"/>
  <system-out/>
</testsuite> <!-- Transaction_list.Transactions_text -->
