<?xml version="1.0" encoding="UTF-8"?>
<!-- Generated by org.testng.reporters.JUnitReportReporter -->
<testsuite hostname="LAPTOP-MSVS7G1Q" failures="0" tests="1" name="forgetmpin.description_validation" time="15.788" errors="0" timestamp="2023-06-05T15:21:04 IST" skipped="0">
  <testcase classname="forgetmpin.description_validation" name="f" time="15.788"/>
  <system-out/>
</testsuite> <!-- forgetmpin.description_validation -->
