<?xml version="1.0" encoding="UTF-8"?>
<!-- Generated by org.testng.reporters.JUnitReportReporter -->
<testsuite hostname="LAPTOP-MSVS7G1Q" failures="0" tests="1" name="tesngsuite.websitelink" time="20.743" errors="0" timestamp="2023-05-17T17:08:11 IST" skipped="0">
  <testcase classname="tesngsuite.websitelink" name="f" time="20.743"/>
  <system-out/>
</testsuite> <!-- tesngsuite.websitelink -->
