<?xml version="1.0" encoding="UTF-8"?>
<!-- Generated by org.testng.reporters.JUnitReportReporter -->
<testsuite hostname="LAPTOP-MSVS7G1Q" failures="0" tests="1" name="Transaction_list.Transactioncolumncount" time="32.068" errors="0" timestamp="2023-06-28T11:00:28 IST" skipped="0">
  <testcase classname="Transaction_list.Transactioncolumncount" name="f" time="32.068"/>
  <system-out/>
</testsuite> <!-- Transaction_list.Transactioncolumncount -->
