<?xml version="1.0" encoding="UTF-8"?>
<!-- Generated by org.testng.reporters.JUnitReportReporter -->
<testsuite hostname="LAPTOP-MSVS7G1Q" failures="0" tests="1" name="forgetmpin.forget_mpin_link_validation" time="15.609" errors="0" timestamp="2023-06-05T12:36:28 IST" skipped="0">
  <testcase classname="forgetmpin.forget_mpin_link_validation" name="f" time="15.609"/>
  <system-out/>
</testsuite> <!-- forgetmpin.forget_mpin_link_validation -->
