<?xml version="1.0" encoding="UTF-8"?>
<!-- Generated by org.testng.reporters.JUnitReportReporter -->
<testsuite hostname="LAPTOP-MSVS7G1Q" failures="0" tests="1" name="Transaction_list.durationbutton_validation" time="24.441" errors="0" timestamp="2023-06-28T12:17:55 IST" skipped="0">
  <testcase classname="Transaction_list.durationbutton_validation" name="f" time="24.441"/>
  <system-out/>
</testsuite> <!-- Transaction_list.durationbutton_validation -->
