<?xml version="1.0" encoding="UTF-8"?>
<!-- Generated by org.testng.reporters.JUnitReportReporter -->
<testsuite hostname="LAPTOP-MSVS7G1Q" failures="0" tests="1" name="excelreading.Report_settlementlist" time="4.129" errors="0" timestamp="2023-06-19T15:19:38 IST" skipped="0">
  <testcase classname="excelreading.Report_settlementlist" name="f" time="4.129"/>
  <system-out/>
</testsuite> <!-- excelreading.Report_settlementlist -->
