<?xml version="1.0" encoding="UTF-8"?>
<!-- Generated by org.testng.reporters.JUnitReportReporter -->
<testsuite hostname="LAPTOP-MSVS7G1Q" failures="0" tests="1" name="forgetmpin.submitbtn_enabled_or_not" time="19.806" errors="0" timestamp="2023-06-06T10:37:25 IST" skipped="0">
  <testcase classname="forgetmpin.submitbtn_enabled_or_not" name="f" time="19.806"/>
  <system-out/>
</testsuite> <!-- forgetmpin.submitbtn_enabled_or_not -->
