<?xml version="1.0" encoding="UTF-8"?>
<!-- Generated by org.testng.reporters.JUnitReportReporter -->
<testsuite hostname="LAPTOP-MSVS7G1Q" failures="0" tests="1" name="siginwithotp.signinbtnvalidation" time="14.074" errors="0" timestamp="2023-06-02T12:59:24 IST" skipped="0">
  <testcase classname="siginwithotp.signinbtnvalidation" name="f" time="14.074"/>
  <system-out/>
</testsuite> <!-- siginwithotp.signinbtnvalidation -->
