<?xml version="1.0" encoding="UTF-8"?>
<!-- Generated by org.testng.reporters.JUnitReportReporter -->
<testsuite hostname="LAPTOP-MSVS7G1Q" failures="0" tests="1" name="forgetmpin.enter_mpin_text" time="16.823" errors="0" timestamp="2023-06-05T15:26:21 IST" skipped="0">
  <testcase classname="forgetmpin.enter_mpin_text" name="f" time="16.823"/>
  <system-out/>
</testsuite> <!-- forgetmpin.enter_mpin_text -->
