<?xml version="1.0" encoding="UTF-8"?>
<!-- Generated by org.testng.reporters.JUnitReportReporter -->
<testsuite hostname="LAPTOP-MSVS7G1Q" failures="0" tests="1" name="siginwithotp.validate_mpin_textbox" time="21.200" errors="0" timestamp="2023-06-01T17:36:04 IST" skipped="0">
  <testcase classname="siginwithotp.validate_mpin_textbox" name="f" time="21.200"/>
  <system-out/>
</testsuite> <!-- siginwithotp.validate_mpin_textbox -->
