<?xml version="1.0" encoding="UTF-8"?>
<!-- Generated by org.testng.reporters.JUnitReportReporter -->
<testsuite hostname="LAPTOP-MSVS7G1Q" failures="0" tests="1" name="tesngsuite.Signinwithotp_login" time="61.498" errors="0" timestamp="2023-06-20T11:09:00 IST" skipped="0">
  <testcase classname="tesngsuite.Signinwithotp_login" name="f" time="61.498"/>
  <system-out/>
</testsuite> <!-- tesngsuite.Signinwithotp_login -->
