<?xml version="1.0" encoding="UTF-8"?>
<!-- Generated by org.testng.reporters.JUnitReportReporter -->
<testsuite hostname="LAPTOP-MSVS7G1Q" failures="0" tests="1" name="siginwithotp.mpin_validation_for_length" time="28.599" errors="0" timestamp="2023-06-01T18:18:48 IST" skipped="0">
  <testcase classname="siginwithotp.mpin_validation_for_length" name="f" time="28.599"/>
  <system-out/>
</testsuite> <!-- siginwithotp.mpin_validation_for_length -->
