<?xml version="1.0" encoding="UTF-8"?>
<!-- Generated by org.testng.reporters.JUnitReportReporter -->
<testsuite hostname="LAPTOP-MSVS7G1Q" failures="0" tests="1" name="tesngsuite.contactus" time="18.234" errors="0" timestamp="2023-05-17T18:34:00 IST" skipped="0">
  <testcase classname="tesngsuite.contactus" name="f" time="18.234"/>
  <system-out/>
</testsuite> <!-- tesngsuite.contactus -->
