<?xml version="1.0" encoding="UTF-8"?>
<!-- Generated by org.testng.reporters.JUnitReportReporter -->
<testsuite hostname="LAPTOP-MSVS7G1Q" failures="0" tests="1" name="tesngsuite.siginwith_wrong_otp" time="26.750" errors="0" timestamp="2023-06-01T15:58:45 IST" skipped="0">
  <testcase classname="tesngsuite.siginwith_wrong_otp" name="f" time="26.750"/>
  <system-out/>
</testsuite> <!-- tesngsuite.siginwith_wrong_otp -->
