<?xml version="1.0" encoding="UTF-8"?>
<!-- Generated by org.testng.reporters.JUnitReportReporter -->
<testsuite hostname="LAPTOP-MSVS7G1Q" failures="0" tests="1" name="tesngsuite.signinwithotp_undertext" time="23.542" errors="0" timestamp="2023-05-17T12:31:26 IST" skipped="0">
  <testcase classname="tesngsuite.signinwithotp_undertext" name="f" time="23.542"/>
  <system-out/>
</testsuite> <!-- tesngsuite.signinwithotp_undertext -->
